<?xml version="1.0" encoding="UTF-8"?>
<testsuite name="ohtu.matkakortti.KassapaateTest" tests="4" skipped="0" failures="0" errors="0" timestamp="2021-04-12T12:35:38" hostname="Antti-MacBook-Pro.local" time="0.599">
  <properties/>
  <testcase name="latausLisaaKortilleJosSummapositiivinen" classname="ohtu.matkakortti.KassapaateTest" time="0.59"/>
  <testcase name="kortiltaVelotetaanHintaJosRahaaOn" classname="ohtu.matkakortti.KassapaateTest" time="0.003"/>
  <testcase name="latausEiLisaaKortilleJosSummaNegatiivinen" classname="ohtu.matkakortti.KassapaateTest" time="0.003"/>
  <testcase name="kortiltaEiVelotetaJosRahaEiRiita" classname="ohtu.matkakortti.KassapaateTest" time="0.002"/>
  <system-out><![CDATA[]]></system-out>
  <system-err><![CDATA[]]></system-err>
</testsuite>
