<?xml version="1.0" encoding="UTF-8"?>
<testsuite name="ohtu.verkkokauppa.KauppaTest" tests="8" skipped="0" failures="0" errors="0" timestamp="2021-04-13T11:42:09" hostname="Antti-MacBook-Pro.local" time="3.029">
  <properties/>
  <testcase name="PankinMetodiaTilisiirtoKutsutaanOikeillaArvoilla" classname="ohtu.verkkokauppa.KauppaTest" time="2.924"/>
  <testcase name="KauppaPyytaaUudenViiteNumeronJokaiselleMaksutapahtumalle" classname="ohtu.verkkokauppa.KauppaTest" time="0.017"/>
  <testcase name="ostoksenPaaytyttyaPankinMetodiaTilisiirtoKutsutaan" classname="ohtu.verkkokauppa.KauppaTest" time="0.013"/>
  <testcase name="PankinMetodiaTilisiirtoKutsutaanOikeillaArvoillaKahdenEriOstoksenJalkeen" classname="ohtu.verkkokauppa.KauppaTest" time="0.011"/>
  <testcase name="PankinMetodiaTilisiirtoKutsutaanOikeillaArvoillaKunTuoteOnLoppu" classname="ohtu.verkkokauppa.KauppaTest" time="0.006"/>
  <testcase name="AloitaAsiointiMetodinKutsuNollaaEdellisetOstokset" classname="ohtu.verkkokauppa.KauppaTest" time="0.015"/>
  <testcase name="PankinMetodiaTilisiirtoKutsutaanOikeillaArvoillaKahdenSamanOstoksenJalkeen" classname="ohtu.verkkokauppa.KauppaTest" time="0.014"/>
  <testcase name="OstoskoristaPoistaminenToimiiOoikein" classname="ohtu.verkkokauppa.KauppaTest" time="0.024"/>
  <system-out><![CDATA[]]></system-out>
  <system-err><![CDATA[]]></system-err>
</testsuite>
